# JRE version: OpenJDK Runtime Environment (7.0_65-b32) (build 1.7.0_65-b32)
# Java VM: OpenJDK 64-Bit Server VM (24.65-b04 mixed mode linux-amd64 compressed oops)
Heap
 PSYoungGen      total 131584K, used 4032K [0x00000000ebf00000, 0x00000000f4900000, 0x0000000100000000)
  eden space 122368K, 0% used [0x00000000ebf00000,0x00000000ebf00000,0x00000000f3680000)
  from space 9216K, 43% used [0x00000000f3680000,0x00000000f3a70010,0x00000000f3f80000)
  to   space 8704K, 0% used [0x00000000f3f80000,0x00000000f3f80000,0x00000000f4800000)
 ParOldGen       total 40960K, used 12357K [0x00000000c3e00000, 0x00000000c6600000, 0x00000000ebf00000)
  object space 40960K, 30% used [0x00000000c3e00000,0x00000000c4a11438,0x00000000c6600000)
 PSPermGen       total 28672K, used 28645K [0x00000000b9800000, 0x00000000bb400000, 0x00000000c3e00000)
  object space 28672K, 99% used [0x00000000b9800000,0x00000000bb3f9488,0x00000000bb400000)
GC Heap History (10 events):
Event: 6.178 GC heap after
Heap after GC invocations=4 (full 0):
 PSYoungGen      total 33280K, used 2528K [0x00000000ebf00000, 0x00000000ee200000, 0x0000000100000000)
  eden space 30720K, 0% used [0x00000000ebf00000,0x00000000ebf00000,0x00000000edd00000)
  from space 2560K, 98% used [0x00000000edf80000,0x00000000ee1f8020,0x00000000ee200000)
  to   space 2560K, 0% used [0x00000000edd00000,0x00000000edd00000,0x00000000edf80000)
 ParOldGen       total 40960K, used 4543K [0x00000000c3e00000, 0x00000000c6600000, 0x00000000ebf00000)
  object space 40960K, 11% used [0x00000000c3e00000,0x00000000c426ffc8,0x00000000c6600000)
 PSPermGen       total 21504K, used 13802K [0x00000000b9800000, 0x00000000bad00000, 0x00000000c3e00000)
  object space 21504K, 64% used [0x00000000b9800000,0x00000000ba57a8e0,0x00000000bad00000)
}
Event: 7.190 GC heap before
{Heap before GC invocations=5 (full 0):
 PSYoungGen      total 33280K, used 33248K [0x00000000ebf00000, 0x00000000ee200000, 0x0000000100000000)
  eden space 30720K, 100% used [0x00000000ebf00000,0x00000000edd00000,0x00000000edd00000)
  from space 2560K, 98% used [0x00000000edf80000,0x00000000ee1f8020,0x00000000ee200000)
  to   space 2560K, 0% used [0x00000000edd00000,0x00000000edd00000,0x00000000edf80000)
 ParOldGen       total 40960K, used 4543K [0x00000000c3e00000, 0x00000000c6600000, 0x00000000ebf00000)
  object space 40960K, 11% used [0x00000000c3e00000,0x00000000c426ffc8,0x00000000c6600000)
 PSPermGen       total 21504K, used 17253K [0x00000000b9800000, 0x00000000bad00000, 0x00000000c3e00000)
  object space 21504K, 80% used [0x00000000b9800000,0x00000000ba8d97c8,0x00000000bad00000)
Event: 7.215 GC heap after
Heap after GC invocations=5 (full 0):
 PSYoungGen      total 33280K, used 2560K [0x00000000ebf00000, 0x00000000f0800000, 0x0000000100000000)
  eden space 30720K, 0% used [0x00000000ebf00000,0x00000000ebf00000,0x00000000edd00000)
  from space 2560K, 100% used [0x00000000edd00000,0x00000000edf80000,0x00000000edf80000)
  to   space 6656K, 0% used [0x00000000f0180000,0x00000000f0180000,0x00000000f0800000)
 ParOldGen       total 40960K, used 7888K [0x00000000c3e00000, 0x00000000c6600000, 0x00000000ebf00000)
  object space 40960K, 19% used [0x00000000c3e00000,0x00000000c45b4268,0x00000000c6600000)
 PSPermGen       total 21504K, used 17253K [0x00000000b9800000, 0x00000000bad00000, 0x00000000c3e00000)
  object space 21504K, 80% used [0x00000000b9800000,0x00000000ba8d97c8,0x00000000bad00000)
}
Event: 7.776 GC heap before
{Heap before GC invocations=6 (full 0):
 PSYoungGen      total 33280K, used 33280K [0x00000000ebf00000, 0x00000000f0800000, 0x0000000100000000)
  eden space 30720K, 100% used [0x00000000ebf00000,0x00000000edd00000,0x00000000edd00000)
  from space 2560K, 100% used [0x00000000edd00000,0x00000000edf80000,0x00000000edf80000)
  to   space 6656K, 0% used [0x00000000f0180000,0x00000000f0180000,0x00000000f0800000)
 ParOldGen       total 40960K, used 7888K [0x00000000c3e00000, 0x00000000c6600000, 0x00000000ebf00000)
  object space 40960K, 19% used [0x00000000c3e00000,0x00000000c45b4268,0x00000000c6600000)
 PSPermGen       total 21504K, used 18521K [0x00000000b9800000, 0x00000000bad00000, 0x00000000c3e00000)
  object space 21504K, 86% used [0x00000000b9800000,0x00000000baa165b8,0x00000000bad00000)
Event: 7.797 GC heap after
Heap after GC invocations=6 (full 0):
 PSYoungGen      total 68096K, used 4470K [0x00000000ebf00000, 0x00000000f0800000, 0x0000000100000000)
  eden space 61440K, 0% used [0x00000000ebf00000,0x00000000ebf00000,0x00000000efb00000)
  from space 6656K, 67% used [0x00000000f0180000,0x00000000f05dd8d8,0x00000000f0800000)
  to   space 6656K, 0% used [0x00000000efb00000,0x00000000efb00000,0x00000000f0180000)
 ParOldGen       total 40960K, used 7888K [0x00000000c3e00000, 0x00000000c6600000, 0x00000000ebf00000)
  object space 40960K, 19% used [0x00000000c3e00000,0x00000000c45b4268,0x00000000c6600000)
 PSPermGen       total 21504K, used 18521K [0x00000000b9800000, 0x00000000bad00000, 0x00000000c3e00000)
  object space 21504K, 86% used [0x00000000b9800000,0x00000000baa165b8,0x00000000bad00000)
}
Event: 8.771 GC heap before
{Heap before GC invocations=7 (full 0):
 PSYoungGen      total 68096K, used 65910K [0x00000000ebf00000, 0x00000000f0800000, 0x0000000100000000)
  eden space 61440K, 100% used [0x00000000ebf00000,0x00000000efb00000,0x00000000efb00000)
  from space 6656K, 67% used [0x00000000f0180000,0x00000000f05dd8d8,0x00000000f0800000)
  to   space 6656K, 0% used [0x00000000efb00000,0x00000000efb00000,0x00000000f0180000)
 ParOldGen       total 40960K, used 7888K [0x00000000c3e00000, 0x00000000c6600000, 0x00000000ebf00000)
  object space 40960K, 19% used [0x00000000c3e00000,0x00000000c45b4268,0x00000000c6600000)
 PSPermGen       total 23552K, used 23442K [0x00000000b9800000, 0x00000000baf00000, 0x00000000c3e00000)
  object space 23552K, 99% used [0x00000000b9800000,0x00000000baee4900,0x00000000baf00000)
Event: 8.794 GC heap after
Heap after GC invocations=7 (full 0):
 PSYoungGen      total 68096K, used 6634K [0x00000000ebf00000, 0x00000000f4800000, 0x0000000100000000)
  eden space 61440K, 0% used [0x00000000ebf00000,0x00000000ebf00000,0x00000000efb00000)
  from space 6656K, 99% used [0x00000000efb00000,0x00000000f017a998,0x00000000f0180000)
  to   space 8704K, 0% used [0x00000000f3f80000,0x00000000f3f80000,0x00000000f4800000)
 ParOldGen       total 40960K, used 10176K [0x00000000c3e00000, 0x00000000c6600000, 0x00000000ebf00000)
  object space 40960K, 24% used [0x00000000c3e00000,0x00000000c47f01b0,0x00000000c6600000)
 PSPermGen       total 23552K, used 23442K [0x00000000b9800000, 0x00000000baf00000, 0x00000000c3e00000)
  object space 23552K, 99% used [0x00000000b9800000,0x00000000baee4900,0x00000000baf00000)
}
Event: 14.674 GC heap before
{Heap before GC invocations=8 (full 0):
 PSYoungGen      total 68096K, used 68074K [0x00000000ebf00000, 0x00000000f4800000, 0x0000000100000000)
  eden space 61440K, 100% used [0x00000000ebf00000,0x00000000efb00000,0x00000000efb00000)
  from space 6656K, 99% used [0x00000000efb00000,0x00000000f017a998,0x00000000f0180000)
  to   space 8704K, 0% used [0x00000000f3f80000,0x00000000f3f80000,0x00000000f4800000)
 ParOldGen       total 40960K, used 10176K [0x00000000c3e00000, 0x00000000c6600000, 0x00000000ebf00000)
  object space 40960K, 24% used [0x00000000c3e00000,0x00000000c47f01b0,0x00000000c6600000)
 PSPermGen       total 28160K, used 27765K [0x00000000b9800000, 0x00000000bb380000, 0x00000000c3e00000)
  object space 28160K, 98% used [0x00000000b9800000,0x00000000bb31d438,0x00000000bb380000)
Event: 14.695 GC heap after
Heap after GC invocations=8 (full 0):
 PSYoungGen      total 131072K, used 6537K [0x00000000ebf00000, 0x00000000f4900000, 0x0000000100000000)
  eden space 122368K, 0% used [0x00000000ebf00000,0x00000000ebf00000,0x00000000f3680000)
  from space 8704K, 75% used [0x00000000f3f80000,0x00000000f45e2590,0x00000000f4800000)
  to   space 9216K, 0% used [0x00000000f3680000,0x00000000f3680000,0x00000000f3f80000)
 ParOldGen       total 40960K, used 10824K [0x00000000c3e00000, 0x00000000c6600000, 0x00000000ebf00000)
  object space 40960K, 26% used [0x00000000c3e00000,0x00000000c4892040,0x00000000c6600000)
 PSPermGen       total 28160K, used 27765K [0x00000000b9800000, 0x00000000bb380000, 0x00000000c3e00000)
  object space 28160K, 98% used [0x00000000b9800000,0x00000000bb31d438,0x00000000bb380000)
}
Event: 18.253 GC heap before
{Heap before GC invocations=9 (full 0):
 PSYoungGen      total 131072K, used 128905K [0x00000000ebf00000, 0x00000000f4900000, 0x0000000100000000)
  eden space 122368K, 100% used [0x00000000ebf00000,0x00000000f3680000,0x00000000f3680000)
  from space 8704K, 75% used [0x00000000f3f80000,0x00000000f45e2590,0x00000000f4800000)
  to   space 9216K, 0% used [0x00000000f3680000,0x00000000f3680000,0x00000000f3f80000)
 ParOldGen       total 40960K, used 10824K [0x00000000c3e00000, 0x00000000c6600000, 0x00000000ebf00000)
  object space 40960K, 26% used [0x00000000c3e00000,0x00000000c4892040,0x00000000c6600000)
 PSPermGen       total 28672K, used 28645K [0x00000000b9800000, 0x00000000bb400000, 0x00000000c3e00000)
  object space 28672K, 99% used [0x00000000b9800000,0x00000000bb3f9488,0x00000000bb400000)

