# JRE version: OpenJDK Runtime Environment (7.0_65-b32) (build 1.7.0_65-b32)
# Java VM: OpenJDK 64-Bit Server VM (24.65-b04 mixed mode linux-amd64 compressed oops)
Heap
 PSYoungGen      total 132096K, used 4736K [0x00000000ebf00000, 0x00000000f4b00000, 0x0000000100000000)
  eden space 121856K, 0% used [0x00000000ebf00000,0x00000000ebf00000,0x00000000f3600000)
  from space 10240K, 46% used [0x00000000f3600000,0x00000000f3aa0010,0x00000000f4000000)
  to   space 9216K, 0% used [0x00000000f4000000,0x00000000f4000000,0x00000000f4900000)
 ParOldGen       total 40960K, used 13360K [0x00000000c3e00000, 0x00000000c6600000, 0x00000000ebf00000)
  object space 40960K, 32% used [0x00000000c3e00000,0x00000000c4b0c3b8,0x00000000c6600000)
 PSPermGen       total 28672K, used 28625K [0x00000000b9800000, 0x00000000bb400000, 0x00000000c3e00000)
  object space 28672K, 99% used [0x00000000b9800000,0x00000000bb3f4610,0x00000000bb400000)
GC Heap History (10 events):
Event: 1.401 GC heap after
Heap after GC invocations=2 (full 0):
 PSYoungGen      total 33280K, used 2534K [0x00000000ebf00000, 0x00000000ee200000, 0x0000000100000000)
  eden space 30720K, 0% used [0x00000000ebf00000,0x00000000ebf00000,0x00000000edd00000)
  from space 2560K, 99% used [0x00000000edf80000,0x00000000ee1f9a70,0x00000000ee200000)
  to   space 2560K, 0% used [0x00000000edd00000,0x00000000edd00000,0x00000000edf80000)
 ParOldGen       total 40960K, used 1062K [0x00000000c3e00000, 0x00000000c6600000, 0x00000000ebf00000)
  object space 40960K, 2% used [0x00000000c3e00000,0x00000000c3f099c0,0x00000000c6600000)
 PSPermGen       total 21504K, used 10058K [0x00000000b9800000, 0x00000000bad00000, 0x00000000c3e00000)
  object space 21504K, 46% used [0x00000000b9800000,0x00000000ba1d29d0,0x00000000bad00000)
}
Event: 2.514 GC heap before
{Heap before GC invocations=3 (full 0):
 PSYoungGen      total 33280K, used 33254K [0x00000000ebf00000, 0x00000000ee200000, 0x0000000100000000)
  eden space 30720K, 100% used [0x00000000ebf00000,0x00000000edd00000,0x00000000edd00000)
  from space 2560K, 99% used [0x00000000edf80000,0x00000000ee1f9a70,0x00000000ee200000)
  to   space 2560K, 0% used [0x00000000edd00000,0x00000000edd00000,0x00000000edf80000)
 ParOldGen       total 40960K, used 1062K [0x00000000c3e00000, 0x00000000c6600000, 0x00000000ebf00000)
  object space 40960K, 2% used [0x00000000c3e00000,0x00000000c3f099c0,0x00000000c6600000)
 PSPermGen       total 21504K, used 13801K [0x00000000b9800000, 0x00000000bad00000, 0x00000000c3e00000)
  object space 21504K, 64% used [0x00000000b9800000,0x00000000ba57a5d8,0x00000000bad00000)
Event: 2.525 GC heap after
Heap after GC invocations=3 (full 0):
 PSYoungGen      total 33280K, used 2544K [0x00000000ebf00000, 0x00000000f0000000, 0x0000000100000000)
  eden space 30720K, 0% used [0x00000000ebf00000,0x00000000ebf00000,0x00000000edd00000)
  from space 2560K, 99% used [0x00000000edd00000,0x00000000edf7c040,0x00000000edf80000)
  to   space 2560K, 0% used [0x00000000efd80000,0x00000000efd80000,0x00000000f0000000)
 ParOldGen       total 40960K, used 4479K [0x00000000c3e00000, 0x00000000c6600000, 0x00000000ebf00000)
  object space 40960K, 10% used [0x00000000c3e00000,0x00000000c425fe28,0x00000000c6600000)
 PSPermGen       total 21504K, used 13801K [0x00000000b9800000, 0x00000000bad00000, 0x00000000c3e00000)
  object space 21504K, 64% used [0x00000000b9800000,0x00000000ba57a5d8,0x00000000bad00000)
}
Event: 3.350 GC heap before
{Heap before GC invocations=4 (full 0):
 PSYoungGen      total 33280K, used 33264K [0x00000000ebf00000, 0x00000000f0000000, 0x0000000100000000)
  eden space 30720K, 100% used [0x00000000ebf00000,0x00000000edd00000,0x00000000edd00000)
  from space 2560K, 99% used [0x00000000edd00000,0x00000000edf7c040,0x00000000edf80000)
  to   space 2560K, 0% used [0x00000000efd80000,0x00000000efd80000,0x00000000f0000000)
 ParOldGen       total 40960K, used 4479K [0x00000000c3e00000, 0x00000000c6600000, 0x00000000ebf00000)
  object space 40960K, 10% used [0x00000000c3e00000,0x00000000c425fe28,0x00000000c6600000)
 PSPermGen       total 21504K, used 17252K [0x00000000b9800000, 0x00000000bad00000, 0x00000000c3e00000)
  object space 21504K, 80% used [0x00000000b9800000,0x00000000ba8d9020,0x00000000bad00000)
Event: 3.370 GC heap after
Heap after GC invocations=4 (full 0):
 PSYoungGen      total 64000K, used 2544K [0x00000000ebf00000, 0x00000000f0000000, 0x0000000100000000)
  eden space 61440K, 0% used [0x00000000ebf00000,0x00000000ebf00000,0x00000000efb00000)
  from space 2560K, 99% used [0x00000000efd80000,0x00000000efffc020,0x00000000f0000000)
  to   space 2560K, 0% used [0x00000000efb00000,0x00000000efb00000,0x00000000efd80000)
 ParOldGen       total 40960K, used 7796K [0x00000000c3e00000, 0x00000000c6600000, 0x00000000ebf00000)
  object space 40960K, 19% used [0x00000000c3e00000,0x00000000c459d1e0,0x00000000c6600000)
 PSPermGen       total 21504K, used 17252K [0x00000000b9800000, 0x00000000bad00000, 0x00000000c3e00000)
  object space 21504K, 80% used [0x00000000b9800000,0x00000000ba8d9020,0x00000000bad00000)
}
Event: 4.352 GC heap before
{Heap before GC invocations=5 (full 0):
 PSYoungGen      total 64000K, used 63984K [0x00000000ebf00000, 0x00000000f0000000, 0x0000000100000000)
  eden space 61440K, 100% used [0x00000000ebf00000,0x00000000efb00000,0x00000000efb00000)
  from space 2560K, 99% used [0x00000000efd80000,0x00000000efffc020,0x00000000f0000000)
  to   space 2560K, 0% used [0x00000000efb00000,0x00000000efb00000,0x00000000efd80000)
 ParOldGen       total 40960K, used 7796K [0x00000000c3e00000, 0x00000000c6600000, 0x00000000ebf00000)
  object space 40960K, 19% used [0x00000000c3e00000,0x00000000c459d1e0,0x00000000c6600000)
 PSPermGen       total 21504K, used 20913K [0x00000000b9800000, 0x00000000bad00000, 0x00000000c3e00000)
  object space 21504K, 97% used [0x00000000b9800000,0x00000000bac6c488,0x00000000bad00000)
Event: 4.369 GC heap after
Heap after GC invocations=5 (full 0):
 PSYoungGen      total 64000K, used 2528K [0x00000000ebf00000, 0x00000000f4900000, 0x0000000100000000)
  eden space 61440K, 0% used [0x00000000ebf00000,0x00000000ebf00000,0x00000000efb00000)
  from space 2560K, 98% used [0x00000000efb00000,0x00000000efd78020,0x00000000efd80000)
  to   space 9216K, 0% used [0x00000000f4000000,0x00000000f4000000,0x00000000f4900000)
 ParOldGen       total 40960K, used 12415K [0x00000000c3e00000, 0x00000000c6600000, 0x00000000ebf00000)
  object space 40960K, 30% used [0x00000000c3e00000,0x00000000c4a1fee8,0x00000000c6600000)
 PSPermGen       total 21504K, used 20913K [0x00000000b9800000, 0x00000000bad00000, 0x00000000c3e00000)
  object space 21504K, 97% used [0x00000000b9800000,0x00000000bac6c488,0x00000000bad00000)
}
Event: 6.491 GC heap before
{Heap before GC invocations=6 (full 0):
 PSYoungGen      total 64000K, used 63968K [0x00000000ebf00000, 0x00000000f4900000, 0x0000000100000000)
  eden space 61440K, 100% used [0x00000000ebf00000,0x00000000efb00000,0x00000000efb00000)
  from space 2560K, 98% used [0x00000000efb00000,0x00000000efd78020,0x00000000efd80000)
  to   space 9216K, 0% used [0x00000000f4000000,0x00000000f4000000,0x00000000f4900000)
 ParOldGen       total 40960K, used 12415K [0x00000000c3e00000, 0x00000000c6600000, 0x00000000ebf00000)
  object space 40960K, 30% used [0x00000000c3e00000,0x00000000c4a1fee8,0x00000000c6600000)
 PSPermGen       total 27648K, used 27273K [0x00000000b9800000, 0x00000000bb300000, 0x00000000c3e00000)
  object space 27648K, 98% used [0x00000000b9800000,0x00000000bb2a25a8,0x00000000bb300000)
Event: 6.510 GC heap after
Heap after GC invocations=6 (full 0):
 PSYoungGen      total 131072K, used 7847K [0x00000000ebf00000, 0x00000000f4b00000, 0x0000000100000000)
  eden space 121856K, 0% used [0x00000000ebf00000,0x00000000ebf00000,0x00000000f3600000)
  from space 9216K, 85% used [0x00000000f4000000,0x00000000f47a9f80,0x00000000f4900000)
  to   space 10240K, 0% used [0x00000000f3600000,0x00000000f3600000,0x00000000f4000000)
 ParOldGen       total 40960K, used 12415K [0x00000000c3e00000, 0x00000000c6600000, 0x00000000ebf00000)
  object space 40960K, 30% used [0x00000000c3e00000,0x00000000c4a1fee8,0x00000000c6600000)
 PSPermGen       total 27648K, used 27273K [0x00000000b9800000, 0x00000000bb300000, 0x00000000c3e00000)
  object space 27648K, 98% used [0x00000000b9800000,0x00000000bb2a25a8,0x00000000bb300000)
}
Event: 9.073 GC heap before
{Heap before GC invocations=7 (full 0):
 PSYoungGen      total 131072K, used 129703K [0x00000000ebf00000, 0x00000000f4b00000, 0x0000000100000000)
  eden space 121856K, 100% used [0x00000000ebf00000,0x00000000f3600000,0x00000000f3600000)
  from space 9216K, 85% used [0x00000000f4000000,0x00000000f47a9f80,0x00000000f4900000)
  to   space 10240K, 0% used [0x00000000f3600000,0x00000000f3600000,0x00000000f4000000)
 ParOldGen       total 40960K, used 12415K [0x00000000c3e00000, 0x00000000c6600000, 0x00000000ebf00000)
  object space 40960K, 30% used [0x00000000c3e00000,0x00000000c4a1fee8,0x00000000c6600000)
 PSPermGen       total 28672K, used 28625K [0x00000000b9800000, 0x00000000bb400000, 0x00000000c3e00000)
  object space 28672K, 99% used [0x00000000b9800000,0x00000000bb3f4610,0x00000000bb400000)

