# JRE version: OpenJDK Runtime Environment (7.0_65-b32) (build 1.7.0_65-b32)
# Java VM: OpenJDK 64-Bit Server VM (24.65-b04 mixed mode linux-amd64 compressed oops)
Heap
 PSYoungGen      total 131584K, used 3924K [0x00000000ebf00000, 0x00000000f4900000, 0x0000000100000000)
  eden space 122368K, 0% used [0x00000000ebf00000,0x00000000ebf00000,0x00000000f3680000)
  from space 9216K, 42% used [0x00000000f3680000,0x00000000f3a55020,0x00000000f3f80000)
  to   space 8704K, 0% used [0x00000000f3f80000,0x00000000f3f80000,0x00000000f4800000)
 ParOldGen       total 40960K, used 12384K [0x00000000c3e00000, 0x00000000c6600000, 0x00000000ebf00000)
  object space 40960K, 30% used [0x00000000c3e00000,0x00000000c4a18148,0x00000000c6600000)
 PSPermGen       total 28672K, used 28630K [0x00000000b9800000, 0x00000000bb400000, 0x00000000c3e00000)
  object space 28672K, 99% used [0x00000000b9800000,0x00000000bb3f59f0,0x00000000bb400000)
GC Heap History (10 events):
Event: 2.665 GC heap after
Heap after GC invocations=4 (full 0):
 PSYoungGen      total 33280K, used 2528K [0x00000000ebf00000, 0x00000000ee200000, 0x0000000100000000)
  eden space 30720K, 0% used [0x00000000ebf00000,0x00000000ebf00000,0x00000000edd00000)
  from space 2560K, 98% used [0x00000000edf80000,0x00000000ee1f8020,0x00000000ee200000)
  to   space 2560K, 0% used [0x00000000edd00000,0x00000000edd00000,0x00000000edf80000)
 ParOldGen       total 40960K, used 4517K [0x00000000c3e00000, 0x00000000c6600000, 0x00000000ebf00000)
  object space 40960K, 11% used [0x00000000c3e00000,0x00000000c4269770,0x00000000c6600000)
 PSPermGen       total 21504K, used 13801K [0x00000000b9800000, 0x00000000bad00000, 0x00000000c3e00000)
  object space 21504K, 64% used [0x00000000b9800000,0x00000000ba57a4d0,0x00000000bad00000)
}
Event: 3.478 GC heap before
{Heap before GC invocations=5 (full 0):
 PSYoungGen      total 33280K, used 33248K [0x00000000ebf00000, 0x00000000ee200000, 0x0000000100000000)
  eden space 30720K, 100% used [0x00000000ebf00000,0x00000000edd00000,0x00000000edd00000)
  from space 2560K, 98% used [0x00000000edf80000,0x00000000ee1f8020,0x00000000ee200000)
  to   space 2560K, 0% used [0x00000000edd00000,0x00000000edd00000,0x00000000edf80000)
 ParOldGen       total 40960K, used 4517K [0x00000000c3e00000, 0x00000000c6600000, 0x00000000ebf00000)
  object space 40960K, 11% used [0x00000000c3e00000,0x00000000c4269770,0x00000000c6600000)
 PSPermGen       total 21504K, used 17249K [0x00000000b9800000, 0x00000000bad00000, 0x00000000c3e00000)
  object space 21504K, 80% used [0x00000000b9800000,0x00000000ba8d8690,0x00000000bad00000)
Event: 3.494 GC heap after
Heap after GC invocations=5 (full 0):
 PSYoungGen      total 33280K, used 2544K [0x00000000ebf00000, 0x00000000f0800000, 0x0000000100000000)
  eden space 30720K, 0% used [0x00000000ebf00000,0x00000000ebf00000,0x00000000edd00000)
  from space 2560K, 99% used [0x00000000edd00000,0x00000000edf7c010,0x00000000edf80000)
  to   space 6656K, 0% used [0x00000000f0180000,0x00000000f0180000,0x00000000f0800000)
 ParOldGen       total 40960K, used 7873K [0x00000000c3e00000, 0x00000000c6600000, 0x00000000ebf00000)
  object space 40960K, 19% used [0x00000000c3e00000,0x00000000c45b0630,0x00000000c6600000)
 PSPermGen       total 21504K, used 17249K [0x00000000b9800000, 0x00000000bad00000, 0x00000000c3e00000)
  object space 21504K, 80% used [0x00000000b9800000,0x00000000ba8d8690,0x00000000bad00000)
}
Event: 4.143 GC heap before
{Heap before GC invocations=6 (full 0):
 PSYoungGen      total 33280K, used 33264K [0x00000000ebf00000, 0x00000000f0800000, 0x0000000100000000)
  eden space 30720K, 100% used [0x00000000ebf00000,0x00000000edd00000,0x00000000edd00000)
  from space 2560K, 99% used [0x00000000edd00000,0x00000000edf7c010,0x00000000edf80000)
  to   space 6656K, 0% used [0x00000000f0180000,0x00000000f0180000,0x00000000f0800000)
 ParOldGen       total 40960K, used 7873K [0x00000000c3e00000, 0x00000000c6600000, 0x00000000ebf00000)
  object space 40960K, 19% used [0x00000000c3e00000,0x00000000c45b0630,0x00000000c6600000)
 PSPermGen       total 21504K, used 18505K [0x00000000b9800000, 0x00000000bad00000, 0x00000000c3e00000)
  object space 21504K, 86% used [0x00000000b9800000,0x00000000baa12428,0x00000000bad00000)
Event: 4.157 GC heap after
Heap after GC invocations=6 (full 0):
 PSYoungGen      total 68096K, used 4470K [0x00000000ebf00000, 0x00000000f0800000, 0x0000000100000000)
  eden space 61440K, 0% used [0x00000000ebf00000,0x00000000ebf00000,0x00000000efb00000)
  from space 6656K, 67% used [0x00000000f0180000,0x00000000f05dd8f8,0x00000000f0800000)
  to   space 6656K, 0% used [0x00000000efb00000,0x00000000efb00000,0x00000000f0180000)
 ParOldGen       total 40960K, used 7873K [0x00000000c3e00000, 0x00000000c6600000, 0x00000000ebf00000)
  object space 40960K, 19% used [0x00000000c3e00000,0x00000000c45b0630,0x00000000c6600000)
 PSPermGen       total 21504K, used 18505K [0x00000000b9800000, 0x00000000bad00000, 0x00000000c3e00000)
  object space 21504K, 86% used [0x00000000b9800000,0x00000000baa12428,0x00000000bad00000)
}
Event: 5.142 GC heap before
{Heap before GC invocations=7 (full 0):
 PSYoungGen      total 68096K, used 65910K [0x00000000ebf00000, 0x00000000f0800000, 0x0000000100000000)
  eden space 61440K, 100% used [0x00000000ebf00000,0x00000000efb00000,0x00000000efb00000)
  from space 6656K, 67% used [0x00000000f0180000,0x00000000f05dd8f8,0x00000000f0800000)
  to   space 6656K, 0% used [0x00000000efb00000,0x00000000efb00000,0x00000000f0180000)
 ParOldGen       total 40960K, used 7873K [0x00000000c3e00000, 0x00000000c6600000, 0x00000000ebf00000)
  object space 40960K, 19% used [0x00000000c3e00000,0x00000000c45b0630,0x00000000c6600000)
 PSPermGen       total 23552K, used 23435K [0x00000000b9800000, 0x00000000baf00000, 0x00000000c3e00000)
  object space 23552K, 99% used [0x00000000b9800000,0x00000000baee2cf0,0x00000000baf00000)
Event: 5.167 GC heap after
Heap after GC invocations=7 (full 0):
 PSYoungGen      total 68096K, used 6645K [0x00000000ebf00000, 0x00000000f4800000, 0x0000000100000000)
  eden space 61440K, 0% used [0x00000000ebf00000,0x00000000ebf00000,0x00000000efb00000)
  from space 6656K, 99% used [0x00000000efb00000,0x00000000f017d408,0x00000000f0180000)
  to   space 8704K, 0% used [0x00000000f3f80000,0x00000000f3f80000,0x00000000f4800000)
 ParOldGen       total 40960K, used 10088K [0x00000000c3e00000, 0x00000000c6600000, 0x00000000ebf00000)
  object space 40960K, 24% used [0x00000000c3e00000,0x00000000c47da2b8,0x00000000c6600000)
 PSPermGen       total 23552K, used 23435K [0x00000000b9800000, 0x00000000baf00000, 0x00000000c3e00000)
  object space 23552K, 99% used [0x00000000b9800000,0x00000000baee2cf0,0x00000000baf00000)
}
Event: 8.032 GC heap before
{Heap before GC invocations=8 (full 0):
 PSYoungGen      total 68096K, used 68085K [0x00000000ebf00000, 0x00000000f4800000, 0x0000000100000000)
  eden space 61440K, 100% used [0x00000000ebf00000,0x00000000efb00000,0x00000000efb00000)
  from space 6656K, 99% used [0x00000000efb00000,0x00000000f017d408,0x00000000f0180000)
  to   space 8704K, 0% used [0x00000000f3f80000,0x00000000f3f80000,0x00000000f4800000)
 ParOldGen       total 40960K, used 10088K [0x00000000c3e00000, 0x00000000c6600000, 0x00000000ebf00000)
  object space 40960K, 24% used [0x00000000c3e00000,0x00000000c47da2b8,0x00000000c6600000)
 PSPermGen       total 28160K, used 27899K [0x00000000b9800000, 0x00000000bb380000, 0x00000000c3e00000)
  object space 28160K, 99% used [0x00000000b9800000,0x00000000bb33ecb0,0x00000000bb380000)
Event: 8.061 GC heap after
Heap after GC invocations=8 (full 0):
 PSYoungGen      total 131072K, used 6648K [0x00000000ebf00000, 0x00000000f4900000, 0x0000000100000000)
  eden space 122368K, 0% used [0x00000000ebf00000,0x00000000ebf00000,0x00000000f3680000)
  from space 8704K, 76% used [0x00000000f3f80000,0x00000000f45fe210,0x00000000f4800000)
  to   space 9216K, 0% used [0x00000000f3680000,0x00000000f3680000,0x00000000f3f80000)
 ParOldGen       total 40960K, used 10776K [0x00000000c3e00000, 0x00000000c6600000, 0x00000000ebf00000)
  object space 40960K, 26% used [0x00000000c3e00000,0x00000000c4886148,0x00000000c6600000)
 PSPermGen       total 28160K, used 27899K [0x00000000b9800000, 0x00000000bb380000, 0x00000000c3e00000)
  object space 28160K, 99% used [0x00000000b9800000,0x00000000bb33ecb0,0x00000000bb380000)
}
Event: 8.938 GC heap before
{Heap before GC invocations=9 (full 0):
 PSYoungGen      total 131072K, used 129016K [0x00000000ebf00000, 0x00000000f4900000, 0x0000000100000000)
  eden space 122368K, 100% used [0x00000000ebf00000,0x00000000f3680000,0x00000000f3680000)
  from space 8704K, 76% used [0x00000000f3f80000,0x00000000f45fe210,0x00000000f4800000)
  to   space 9216K, 0% used [0x00000000f3680000,0x00000000f3680000,0x00000000f3f80000)
 ParOldGen       total 40960K, used 10776K [0x00000000c3e00000, 0x00000000c6600000, 0x00000000ebf00000)
  object space 40960K, 26% used [0x00000000c3e00000,0x00000000c4886148,0x00000000c6600000)
 PSPermGen       total 28672K, used 28630K [0x00000000b9800000, 0x00000000bb400000, 0x00000000c3e00000)
  object space 28672K, 99% used [0x00000000b9800000,0x00000000bb3f59f0,0x00000000bb400000)

